**********************
Windows PowerShell transcript start
Start time: 20260408002551
Username: SHISA\Administrator
RunAs User: SHISA\Administrator
Configuration Name: 
Machine: SHISA (Microsoft Windows NT 10.0.19045.0)
Host Application: C:\Windows\System32\WindowsPowerShell\v1.0\powershell.exe -noexit -command try { . "d:\Antigravity\resources\app\out\vs\workbench\contrib\terminal\common\scripts\shellIntegration.ps1" } catch {}
Process ID: 3644
PSVersion: 5.1.19041.6456
PSEdition: Desktop
PSCompatibleVersions: 1.0, 2.0, 3.0, 4.0, 5.0, 5.1.19041.6456
BuildVersion: 10.0.19041.6456
CLRVersion: 4.0.30319.42000
WSManStackVersion: 3.0
PSRemotingProtocolVersion: 2.3
SerializationVersion: 1.1.0.1
**********************
Transcript started, output file is ngrok-final.log

**********************
Windows PowerShell transcript end
End time: 20260408002553
**********************
